<?xml version="1.0" encoding="UTF-8"?>
<testsuite xmlns:xsi="http://www.w3.org/2001/XMLSchema-instance" xsi:noNamespaceSchemaLocation="https://maven.apache.org/surefire/maven-surefire-plugin/xsd/surefire-test-report.xsd" name="iubar.presenze_api_test.PresenzaTest" time="1.169" tests="3" errors="0" skipped="0" failures="0">
  <properties>
    <property name="sun.desktop" value="windows"/>
    <property name="awt.toolkit" value="sun.awt.windows.WToolkit"/>
    <property name="file.encoding.pkg" value="sun.io"/>
    <property name="java.specification.version" value="1.8"/>
    <property name="sun.cpu.isalist" value="amd64"/>
    <property name="sun.jnu.encoding" value="Cp1252"/>
    <property name="java.class.path" value="C:\Users\iubar\Documents\presenze-client-test\target\test-classes;C:\Users\iubar\Documents\presenze-client-test\target\classes;C:\Users\iubar\.m2\repository\it\iubar\desktop\api\iubar-desktop-api\1.0\iubar-desktop-api-1.0.jar;C:\Users\iubar\.m2\repository\org\glassfish\jersey\core\jersey-client\2.26\jersey-client-2.26.jar;C:\Users\iubar\.m2\repository\javax\ws\rs\javax.ws.rs-api\2.1\javax.ws.rs-api-2.1.jar;C:\Users\iubar\.m2\repository\org\glassfish\jersey\core\jersey-common\2.26\jersey-common-2.26.jar;C:\Users\iubar\.m2\repository\javax\annotation\javax.annotation-api\1.2\javax.annotation-api-1.2.jar;C:\Users\iubar\.m2\repository\org\glassfish\hk2\osgi-resource-locator\1.0.1\osgi-resource-locator-1.0.1.jar;C:\Users\iubar\.m2\repository\org\glassfish\hk2\external\javax.inject\2.5.0-b42\javax.inject-2.5.0-b42.jar;C:\Users\iubar\.m2\repository\org\glassfish\jersey\inject\jersey-hk2\2.26\jersey-hk2-2.26.jar;C:\Users\iubar\.m2\repository\org\glassfish\hk2\hk2-locator\2.5.0-b42\hk2-locator-2.5.0-b42.jar;C:\Users\iubar\.m2\repository\org\glassfish\hk2\external\aopalliance-repackaged\2.5.0-b42\aopalliance-repackaged-2.5.0-b42.jar;C:\Users\iubar\.m2\repository\org\glassfish\hk2\hk2-api\2.5.0-b42\hk2-api-2.5.0-b42.jar;C:\Users\iubar\.m2\repository\javax\inject\javax.inject\1\javax.inject-1.jar;C:\Users\iubar\.m2\repository\org\glassfish\hk2\hk2-utils\2.5.0-b42\hk2-utils-2.5.0-b42.jar;C:\Users\iubar\.m2\repository\org\javassist\javassist\3.22.0-CR2\javassist-3.22.0-CR2.jar;C:\Users\iubar\.m2\repository\com\fasterxml\jackson\core\jackson-databind\2.9.4\jackson-databind-2.9.4.jar;C:\Users\iubar\.m2\repository\com\fasterxml\jackson\core\jackson-annotations\2.9.0\jackson-annotations-2.9.0.jar;C:\Users\iubar\.m2\repository\com\fasterxml\jackson\core\jackson-core\2.9.4\jackson-core-2.9.4.jar;C:\Users\iubar\.m2\repository\com\fasterxml\jackson\module\jackson-module-jaxb-annotations\2.9.4\jackson-module-jaxb-annotations-2.9.4.jar;C:\Users\iubar\.m2\repository\javax\xml\bind\jaxb-api\2.3.0\jaxb-api-2.3.0.jar;C:\Users\iubar\.m2\repository\org\json\json\20170516\json-20170516.jar;C:\Users\iubar\.m2\repository\commons-codec\commons-codec\1.10\commons-codec-1.10.jar;C:\Users\iubar\.m2\repository\com\auth0\java-jwt\3.3.0\java-jwt-3.3.0.jar;C:\Users\iubar\.m2\repository\junit\junit\4.12\junit-4.12.jar;C:\Users\iubar\.m2\repository\org\hamcrest\hamcrest-core\1.3\hamcrest-core-1.3.jar;"/>
    <property name="java.vm.vendor" value="Oracle Corporation"/>
    <property name="sun.arch.data.model" value="64"/>
    <property name="user.variant" value=""/>
    <property name="java.vendor.url" value="http://java.oracle.com/"/>
    <property name="user.timezone" value=""/>
    <property name="java.vm.specification.version" value="1.8"/>
    <property name="os.name" value="Windows 10"/>
    <property name="user.country" value="IT"/>
    <property name="sun.java.launcher" value="SUN_STANDARD"/>
    <property name="sun.boot.library.path" value="C:\Program Files\Java\jdk1.8.0_171\jre\bin"/>
    <property name="sun.java.command" value="C:\Users\iubar\AppData\Local\Temp\surefire6858155747480454317\surefirebooter3631598114228138466.jar C:\Users\iubar\AppData\Local\Temp\surefire6858155747480454317 2018-06-11T16-22-48_123-jvmRun1 surefire5379765624426927986tmp surefire_08788670582957436991tmp"/>
    <property name="surefire.test.class.path" value="C:\Users\iubar\Documents\presenze-client-test\target\test-classes;C:\Users\iubar\Documents\presenze-client-test\target\classes;C:\Users\iubar\.m2\repository\it\iubar\desktop\api\iubar-desktop-api\1.0\iubar-desktop-api-1.0.jar;C:\Users\iubar\.m2\repository\org\glassfish\jersey\core\jersey-client\2.26\jersey-client-2.26.jar;C:\Users\iubar\.m2\repository\javax\ws\rs\javax.ws.rs-api\2.1\javax.ws.rs-api-2.1.jar;C:\Users\iubar\.m2\repository\org\glassfish\jersey\core\jersey-common\2.26\jersey-common-2.26.jar;C:\Users\iubar\.m2\repository\javax\annotation\javax.annotation-api\1.2\javax.annotation-api-1.2.jar;C:\Users\iubar\.m2\repository\org\glassfish\hk2\osgi-resource-locator\1.0.1\osgi-resource-locator-1.0.1.jar;C:\Users\iubar\.m2\repository\org\glassfish\hk2\external\javax.inject\2.5.0-b42\javax.inject-2.5.0-b42.jar;C:\Users\iubar\.m2\repository\org\glassfish\jersey\inject\jersey-hk2\2.26\jersey-hk2-2.26.jar;C:\Users\iubar\.m2\repository\org\glassfish\hk2\hk2-locator\2.5.0-b42\hk2-locator-2.5.0-b42.jar;C:\Users\iubar\.m2\repository\org\glassfish\hk2\external\aopalliance-repackaged\2.5.0-b42\aopalliance-repackaged-2.5.0-b42.jar;C:\Users\iubar\.m2\repository\org\glassfish\hk2\hk2-api\2.5.0-b42\hk2-api-2.5.0-b42.jar;C:\Users\iubar\.m2\repository\javax\inject\javax.inject\1\javax.inject-1.jar;C:\Users\iubar\.m2\repository\org\glassfish\hk2\hk2-utils\2.5.0-b42\hk2-utils-2.5.0-b42.jar;C:\Users\iubar\.m2\repository\org\javassist\javassist\3.22.0-CR2\javassist-3.22.0-CR2.jar;C:\Users\iubar\.m2\repository\com\fasterxml\jackson\core\jackson-databind\2.9.4\jackson-databind-2.9.4.jar;C:\Users\iubar\.m2\repository\com\fasterxml\jackson\core\jackson-annotations\2.9.0\jackson-annotations-2.9.0.jar;C:\Users\iubar\.m2\repository\com\fasterxml\jackson\core\jackson-core\2.9.4\jackson-core-2.9.4.jar;C:\Users\iubar\.m2\repository\com\fasterxml\jackson\module\jackson-module-jaxb-annotations\2.9.4\jackson-module-jaxb-annotations-2.9.4.jar;C:\Users\iubar\.m2\repository\javax\xml\bind\jaxb-api\2.3.0\jaxb-api-2.3.0.jar;C:\Users\iubar\.m2\repository\org\json\json\20170516\json-20170516.jar;C:\Users\iubar\.m2\repository\commons-codec\commons-codec\1.10\commons-codec-1.10.jar;C:\Users\iubar\.m2\repository\com\auth0\java-jwt\3.3.0\java-jwt-3.3.0.jar;C:\Users\iubar\.m2\repository\junit\junit\4.12\junit-4.12.jar;C:\Users\iubar\.m2\repository\org\hamcrest\hamcrest-core\1.3\hamcrest-core-1.3.jar;"/>
    <property name="sun.cpu.endian" value="little"/>
    <property name="user.home" value="C:\Users\iubar"/>
    <property name="user.language" value="it"/>
    <property name="java.specification.vendor" value="Oracle Corporation"/>
    <property name="java.home" value="C:\Program Files\Java\jdk1.8.0_171\jre"/>
    <property name="basedir" value="C:\Users\iubar\Documents\presenze-client-test"/>
    <property name="file.separator" value="\"/>
    <property name="line.separator" value="&#10;"/>
    <property name="java.vm.specification.vendor" value="Oracle Corporation"/>
    <property name="java.specification.name" value="Java Platform API Specification"/>
    <property name="java.awt.graphicsenv" value="sun.awt.Win32GraphicsEnvironment"/>
    <property name="surefire.real.class.path" value="C:\Users\iubar\AppData\Local\Temp\surefire6858155747480454317\surefirebooter3631598114228138466.jar"/>
    <property name="sun.boot.class.path" value="C:\Program Files\Java\jdk1.8.0_171\jre\lib\resources.jar;C:\Program Files\Java\jdk1.8.0_171\jre\lib\rt.jar;C:\Program Files\Java\jdk1.8.0_171\jre\lib\sunrsasign.jar;C:\Program Files\Java\jdk1.8.0_171\jre\lib\jsse.jar;C:\Program Files\Java\jdk1.8.0_171\jre\lib\jce.jar;C:\Program Files\Java\jdk1.8.0_171\jre\lib\charsets.jar;C:\Program Files\Java\jdk1.8.0_171\jre\lib\jfr.jar;C:\Program Files\Java\jdk1.8.0_171\jre\classes"/>
    <property name="user.script" value=""/>
    <property name="sun.management.compiler" value="HotSpot 64-Bit Tiered Compilers"/>
    <property name="java.runtime.version" value="1.8.0_171-b11"/>
    <property name="user.name" value="iubar"/>
    <property name="path.separator" value=";"/>
    <property name="os.version" value="10.0"/>
    <property name="java.endorsed.dirs" value="C:\Program Files\Java\jdk1.8.0_171\jre\lib\endorsed"/>
    <property name="java.runtime.name" value="Java(TM) SE Runtime Environment"/>
    <property name="file.encoding" value="Cp1252"/>
    <property name="java.vm.name" value="Java HotSpot(TM) 64-Bit Server VM"/>
    <property name="localRepository" value="C:\Users\iubar\.m2\repository"/>
    <property name="java.vendor.url.bug" value="http://bugreport.sun.com/bugreport/"/>
    <property name="java.io.tmpdir" value="C:\Users\iubar\AppData\Local\Temp\"/>
    <property name="java.version" value="1.8.0_171"/>
    <property name="user.dir" value="C:\Users\iubar\Documents\presenze-client-test"/>
    <property name="os.arch" value="amd64"/>
    <property name="java.vm.specification.name" value="Java Virtual Machine Specification"/>
    <property name="java.awt.printerjob" value="sun.awt.windows.WPrinterJob"/>
    <property name="sun.os.patch.level" value=""/>
    <property name="java.library.path" value="C:\Program Files\Java\jdk1.8.0_171\jre\bin;C:\WINDOWS\Sun\Java\bin;C:\WINDOWS\system32;C:\WINDOWS;C:\Program Files (x86)\Common Files\Oracle\Java\javapath;C:\WINDOWS\system32;C:\WINDOWS;C:\WINDOWS\System32\Wbem;C:\WINDOWS\System32\WindowsPowerShell\v1.0\;C:\Program Files\TortoiseSVN\bin;C:\Program Files\Java\jdk1.8.0_171\bin;C:\Users\Laura\PortableApps\MyApps\svn\svnkit-1.8.11\bin;C:\Users\Laura\PortableApps\MyApps\apache-maven-3.1.1\bin;C:\Program Files\SlikSvn\bin;C:\Users\Laura\PortableApps\MyApps\php-7.1.17-Win32-VC14-x64;C:\Users\Laura\PortableApps\MyApps\Git\bin;C:\Users\Laura\PortableApps\MyApps\php_tools;C:\WINDOWS\System32\OpenSSH\;C:\Users\iubar\AppData\Local\Microsoft\WindowsApps;;."/>
    <property name="java.vm.info" value="mixed mode"/>
    <property name="java.vendor" value="Oracle Corporation"/>
    <property name="java.vm.version" value="25.171-b11"/>
    <property name="java.ext.dirs" value="C:\Program Files\Java\jdk1.8.0_171\jre\lib\ext;C:\WINDOWS\Sun\Java\lib\ext"/>
    <property name="sun.io.unicode.encoding" value="UnicodeLittle"/>
    <property name="java.class.version" value="52.0"/>
  </properties>
  <testcase name="receiveElencoPerImpresa" classname="iubar.presenze_api_test.PresenzaTest" time="0.274"/>
  <testcase name="receiveElencoPerLavoratore" classname="iubar.presenze_api_test.PresenzaTest" time="0.397"/>
  <testcase name="sendInserimentoDaLavoratore" classname="iubar.presenze_api_test.PresenzaTest" time="0.498"/>
</testsuite>